*** Starting uWSGI 2.0.12-debian (64bit) on [Thu Jan  9 03:21:42 2020] ***
compiled with version: 5.4.0 20160609 on 28 September 2018 15:49:44
os: Linux-4.4.0-1092-aws #103-Ubuntu SMP Tue Aug 27 10:21:48 UTC 2019
nodename: ip-172-31-25-119
machine: x86_64
clock source: unix
pcre jit disabled
detected number of CPU cores: 1
current working directory: /etc/nginx
writing pidfile to /home/ubuntu/ElementScience/element_science.pid
detected binary path: /usr/bin/uwsgi-core
*** WARNING: you are running uWSGI without its master process manager ***
your processes number limit is 3900
your memory page size is 4096 bytes
detected max file descriptor number: 1024
lock engine: pthread robust mutexes
thunder lock: disabled (you can enable it with --thunder-lock)
uwsgi socket 0 bound to TCP address 127.0.0.1:3033 fd 3
Python version: 2.7.12 (default, Oct  8 2019, 14:14:10)  [GCC 5.4.0 20160609]
Set PythonHome to /home/ubuntu/ElementScience
ImportError: No module named site
*** Starting uWSGI 2.0.12-debian (64bit) on [Thu Jan  9 03:29:39 2020] ***
compiled with version: 5.4.0 20160609 on 28 September 2018 15:49:44
os: Linux-4.4.0-1092-aws #103-Ubuntu SMP Tue Aug 27 10:21:48 UTC 2019
nodename: ip-172-31-25-119
machine: x86_64
clock source: unix
pcre jit disabled
detected number of CPU cores: 1
current working directory: /home/ubuntu/ElementScience
writing pidfile to /home/ubuntu/ElementScience/element_science.pid
detected binary path: /usr/bin/uwsgi-core
*** WARNING: you are running uWSGI without its master process manager ***
your processes number limit is 3900
your memory page size is 4096 bytes
detected max file descriptor number: 1024
lock engine: pthread robust mutexes
thunder lock: disabled (you can enable it with --thunder-lock)
uwsgi socket 0 bound to TCP address 127.0.0.1:3033 fd 3
Python version: 2.7.12 (default, Oct  8 2019, 14:14:10)  [GCC 5.4.0 20160609]
Set PythonHome to /home/ubuntu/ElementScience
*** Python threads support is disabled. You can enable it with --enable-threads ***
Python main interpreter initialized at 0x1fac8c0
your server socket listen backlog is limited to 100 connections
your mercy for graceful operations on workers is 60 seconds
mapped 72768 bytes (71 KB) for 1 cores
*** Operational MODE: single process ***
added /home/ubuntu/ElementScience/ to pythonpath.
ImportError: No module named app
unable to load app 0 (mountpoint='') (callable not found or import error)
Traceback (most recent call last):
  File "/home/ubuntu/ElementScience/server.py", line 1, in <module>
    from flask import Flask,jsonify
ImportError: No module named flask
unable to load app 0 (mountpoint='') (callable not found or import error)
*** no app loaded. going in full dynamic mode ***
*** uWSGI is running in multiple interpreter mode ***
spawned uWSGI worker 1 (and the only) (pid: 27134, cores: 1)
*** Starting uWSGI 2.0.12-debian (64bit) on [Thu Jan  9 03:30:20 2020] ***
compiled with version: 5.4.0 20160609 on 28 September 2018 15:49:44
os: Linux-4.4.0-1092-aws #103-Ubuntu SMP Tue Aug 27 10:21:48 UTC 2019
nodename: ip-172-31-25-119
machine: x86_64
clock source: unix
pcre jit disabled
detected number of CPU cores: 1
current working directory: /home/ubuntu/ElementScience
writing pidfile to /home/ubuntu/ElementScience/element_science.pid
detected binary path: /usr/bin/uwsgi-core
*** WARNING: you are running uWSGI without its master process manager ***
your processes number limit is 3900
your memory page size is 4096 bytes
detected max file descriptor number: 1024
lock engine: pthread robust mutexes
thunder lock: disabled (you can enable it with --thunder-lock)
probably another instance of uWSGI is running on the same address (127.0.0.1:3033).
bind(): Address already in use [core/socket.c line 769]
